<?xml version="1.0" encoding="UTF-8"?>
<testsuite name="com.nikpappas.sketch.gol.ConwaysCubeTest" tests="28" skipped="0" failures="0" errors="0" timestamp="2021-11-06T17:02:37" hostname="Pape.local" time="0.075">
  <properties/>
  <testcase name="testCoordsValues()" classname="com.nikpappas.sketch.gol.ConwaysCubeTest" time="0.015"/>
  <testcase name="2D hash test -&gt; #" classname="com.nikpappas.sketch.gol.ConwaysCubeTest" time="0.006"/>
  <testcase name="2D hash test -&gt; #.#....." classname="com.nikpappas.sketch.gol.ConwaysCubeTest" time="0.0"/>
  <testcase name="2D hash test -&gt; ........" classname="com.nikpappas.sketch.gol.ConwaysCubeTest" time="0.0"/>
  <testcase name="2D hash test -&gt; ..#....." classname="com.nikpappas.sketch.gol.ConwaysCubeTest" time="0.001"/>
  <testcase name="2D hash test -&gt; #......." classname="com.nikpappas.sketch.gol.ConwaysCubeTest" time="0.0"/>
  <testcase name="2D hash test -&gt; #..#..#...................." classname="com.nikpappas.sketch.gol.ConwaysCubeTest" time="0.0"/>
  <testcase name="3D hash test -&gt; #" classname="com.nikpappas.sketch.gol.ConwaysCubeTest" time="0.0"/>
  <testcase name="3D hash test -&gt; #...#..." classname="com.nikpappas.sketch.gol.ConwaysCubeTest" time="0.001"/>
  <testcase name="3D hash test -&gt; ##..#..." classname="com.nikpappas.sketch.gol.ConwaysCubeTest" time="0.0"/>
  <testcase name="testToStrinArrayOffset()" classname="com.nikpappas.sketch.gol.ConwaysCubeTest" time="0.006"/>
  <testcase name="testToStrinArrayEmpty()" classname="com.nikpappas.sketch.gol.ConwaysCubeTest" time="0.001"/>
  <testcase name="3D hash test -&gt; #" classname="com.nikpappas.sketch.gol.ConwaysCubeTest" time="0.006"/>
  <testcase name="3D hash test -&gt; #........#" classname="com.nikpappas.sketch.gol.ConwaysCubeTest" time="0.001"/>
  <testcase name="3D hash test -&gt; ##.......#" classname="com.nikpappas.sketch.gol.ConwaysCubeTest" time="0.001"/>
  <testcase name="Complex toStringArray -&gt; [[Ljava.lang.String;@76d1eff0" classname="com.nikpappas.sketch.gol.ConwaysCubeTest" time="0.001"/>
  <testcase name="Complex toStringArray -&gt; [[Ljava.lang.String;@46e513e9" classname="com.nikpappas.sketch.gol.ConwaysCubeTest" time="0.0"/>
  <testcase name="Complex toStringArray -&gt; [[Ljava.lang.String;@35312f88" classname="com.nikpappas.sketch.gol.ConwaysCubeTest" time="0.001"/>
  <testcase name="minExtent()" classname="com.nikpappas.sketch.gol.ConwaysCubeTest" time="0.0"/>
  <testcase name="test1()" classname="com.nikpappas.sketch.gol.ConwaysCubeTest" time="0.001"/>
  <testcase name="testCoords()" classname="com.nikpappas.sketch.gol.ConwaysCubeTest" time="0.002"/>
  <testcase name="testToStrinArray()" classname="com.nikpappas.sketch.gol.ConwaysCubeTest" time="0.001"/>
  <testcase name="2D hash test -&gt; #" classname="com.nikpappas.sketch.gol.ConwaysCubeTest" time="0.001"/>
  <testcase name="2D hash test -&gt; ...#...." classname="com.nikpappas.sketch.gol.ConwaysCubeTest" time="0.001"/>
  <testcase name="2D hash test -&gt; .....#.." classname="com.nikpappas.sketch.gol.ConwaysCubeTest" time="0.0"/>
  <testcase name="2D hash test -&gt; .#......" classname="com.nikpappas.sketch.gol.ConwaysCubeTest" time="0.0"/>
  <testcase name="2D hash test -&gt; ......#." classname="com.nikpappas.sketch.gol.ConwaysCubeTest" time="0.0"/>
  <testcase name="2D hash test -&gt; ...............#........#.." classname="com.nikpappas.sketch.gol.ConwaysCubeTest" time="0.001"/>
  <system-out><![CDATA[[#]
[#, #]
[., .]
[., #]
[#, .]
[#.., #.., #..]
[[Ljava.lang.String;@1b2229af]
[[Ljava.lang.String;@13ce18bb, [Ljava.lang.String;@71707a4b]
[[Ljava.lang.String;@46873ef2, [Ljava.lang.String;@4ce208dc]
[[Ljava.lang.String;@18c751b5]
[[Ljava.lang.String;@61e20e15, [Ljava.lang.String;@7da412d2]
[[Ljava.lang.String;@9061130, [Ljava.lang.String;@54e9b040]
]]></system-out>
  <system-err><![CDATA[]]></system-err>
</testsuite>
